\BOOKMARK [0][-]{titlepage.0}{\376\377\134\001\227\142}{}% 1
\BOOKMARK [0][-]{cabstract.0}{\376\377\144\130\211\201}{}% 2
\BOOKMARK [0][-]{eabstract.0}{\376\377\000A\000B\000S\000T\000R\000A\000C\000T}{}% 3
\BOOKMARK [0][-]{contents.0}{\376\377\166\356\137\125}{}% 4
\BOOKMARK [0][-]{chapter*.5}{\376\377\136\217\212\000}{}% 5
\BOOKMARK [0][-]{chapter.1}{\376\377\117\177\165\050\116\313\176\315}{}% 6
\BOOKMARK [1][-]{section.1.1}{\376\377\174\373\176\337\211\201\154\102}{chapter.1}% 7
\BOOKMARK [1][-]{section.1.2}{\376\377\152\041\162\110\145\207\116\366}{chapter.1}% 8
\BOOKMARK [1][-]{section.1.3}{\376\377\177\026\213\321\145\271\137\017}{chapter.1}% 9
\BOOKMARK [0][-]{chapter.2}{\376\377\000p\000k\000u\000t\000h\000s\000s\000\040\145\207\150\143\152\041\162\110\143\320\117\233\166\204\122\237\200\375}{}% 10
\BOOKMARK [1][-]{section.2.1}{\376\377\000p\000k\000u\000t\000h\000s\000s\000\040\145\207\150\143\174\173\143\320\117\233\166\204\220\011\230\171}{chapter.2}% 11
\BOOKMARK [1][-]{section.2.2}{\376\377\000p\000k\000u\000t\000h\000s\000s\000\040\145\207\150\143\174\173\143\320\117\233\166\204\124\175\116\344\124\214\163\257\130\203}{chapter.2}% 12
\BOOKMARK [2][-]{subsection.2.2.1}{\376\377\213\276\133\232\145\207\150\143\117\341\140\157\166\204\124\175\116\344}{section.2.2}% 13
\BOOKMARK [2][-]{subsection.2.2.2}{\376\377\201\352\216\253\133\130\120\250\145\207\150\143\117\341\140\157\166\204\124\175\116\344}{section.2.2}% 14
\BOOKMARK [2][-]{subsection.2.2.3}{\376\377\116\345\040\034\000k\000e\000y\000\040\000=\000\040\000v\000a\000l\000u\000e\040\035\150\074\137\017\213\276\177\156\145\207\150\143\117\341\140\157}{section.2.2}% 15
\BOOKMARK [2][-]{subsection.2.2.4}{\376\377\121\166\133\203\124\175\116\344\124\214\163\257\130\203}{section.2.2}% 16
\BOOKMARK [1][-]{section.2.3}{\376\377\116\316\121\166\133\203\145\207\150\143\174\173\124\214\133\217\123\005\176\347\142\177\166\204\122\237\200\375}{chapter.2}% 17
\BOOKMARK [1][-]{section.2.4}{\376\377\232\330\176\247\213\276\177\156}{chapter.2}% 18
\BOOKMARK [0][-]{chapter.3}{\376\377\225\356\230\230\123\312\121\166\211\343\121\263}{}% 19
\BOOKMARK [1][-]{section.3.1}{\376\377\145\207\150\143\116\055\135\362\176\317\143\320\122\060\166\204\136\070\211\301\225\356\230\230\377\010\143\011\221\315\211\201\140\047\143\222\136\217\377\011}{chapter.3}% 20
\BOOKMARK [1][-]{section.3.2}{\376\377\116\012\156\070\133\217\123\005\123\357\200\375\137\025\215\167\166\204\225\356\230\230}{chapter.3}% 21
\BOOKMARK [1][-]{section.3.3}{\376\377\145\207\150\143\150\074\137\017\123\357\200\375\133\130\127\050\166\204\225\356\230\230}{chapter.3}% 22
\BOOKMARK [1][-]{section.3.4}{\376\377\123\315\231\210\141\017\211\301\124\214\136\372\213\256}{chapter.3}% 23
\BOOKMARK [0][-]{chapter*.8}{\376\377\176\323\213\272}{}% 24
\BOOKMARK [0][-]{appendix.A}{\376\377\146\364\145\260\213\260\137\125}{}% 25
\BOOKMARK [1][-]{section.A.1}{\376\377\0001\000.\0003\000\040\162\110\116\345\124\016\166\204\146\364\145\260\213\260\137\125}{appendix.A}% 26
\BOOKMARK [1][-]{section.A.2}{\376\377\0001\000.\0003\000\040\123\312\121\166\116\345\122\115\162\110\147\054\166\204\146\364\145\260\213\260\137\125}{appendix.A}% 27
\BOOKMARK [0][-]{appendix*.10}{\376\377\201\364\214\042}{}% 28
